<?xml version="1.0" encoding="UTF-8"?>
<robot generator="Robot 6.1.1 (Python 3.12.0 on win32)" generated="20231222 02:03:42.663" rpa="false" schemaversion="4">
<suite id="s1" name="Test-Suite-1" source="C:\Users\ASUS\Desktop\uas-2\basic-automation\project-demo\test-suite-1.robot">
<test id="s1-t1" name="testcase-1" line="25">
<kw name="Login Success">
<kw name="Open Browser" library="SeleniumLibrary">
<arg>${HOST}</arg>
<arg>${BROWSER}</arg>
<doc>Opens a new browser instance to the optional ``url``.</doc>
<msg timestamp="20231222 02:03:42.922" level="INFO">Opening browser 'chrome' to base url 'http://localhost/DataKaryawan/'.</msg>
<status status="PASS" starttime="20231222 02:03:42.922" endtime="20231222 02:03:45.057"/>
</kw>
<kw name="Page Should Contain Element" library="SeleniumLibrary">
<arg>xpath://input[@name='username']</arg>
<doc>Verifies that element ``locator`` is found on the current page.</doc>
<msg timestamp="20231222 02:03:45.105" level="INFO">Current page contains element 'xpath://input[@name='username']'.</msg>
<status status="PASS" starttime="20231222 02:03:45.057" endtime="20231222 02:03:45.105"/>
</kw>
<kw name="Input Text" library="SeleniumLibrary">
<arg>name:username</arg>
<arg>${EMAIL}</arg>
<doc>Types the given ``text`` into the text field identified by ``locator``.</doc>
<msg timestamp="20231222 02:03:45.106" level="INFO">Typing text 'admin' into text field 'name:username'.</msg>
<status status="PASS" starttime="20231222 02:03:45.106" endtime="20231222 02:03:45.229"/>
</kw>
<kw name="Input Text" library="SeleniumLibrary">
<arg>name:password</arg>
<arg>${PASS-1}</arg>
<doc>Types the given ``text`` into the text field identified by ``locator``.</doc>
<msg timestamp="20231222 02:03:45.229" level="INFO">Typing text 'admin' into text field 'name:password'.</msg>
<status status="PASS" starttime="20231222 02:03:45.229" endtime="20231222 02:03:45.273"/>
</kw>
<kw name="Input Text" library="SeleniumLibrary">
<arg>name:nama</arg>
<arg>${EMAIL}</arg>
<doc>Types the given ``text`` into the text field identified by ``locator``.</doc>
<msg timestamp="20231222 02:03:45.274" level="INFO">Typing text 'admin' into text field 'name:nama'.</msg>
<status status="PASS" starttime="20231222 02:03:45.274" endtime="20231222 02:03:45.350"/>
</kw>
<kw name="Click Element" library="SeleniumLibrary">
<arg>xpath://select[@name='level']</arg>
<doc>Click the element identified by ``locator``.</doc>
<msg timestamp="20231222 02:03:45.351" level="INFO">Clicking element 'xpath://select[@name='level']'.</msg>
<status status="PASS" starttime="20231222 02:03:45.350" endtime="20231222 02:03:45.391"/>
</kw>
<kw name="Click Element" library="SeleniumLibrary">
<arg>xpath://option[@value='1']</arg>
<doc>Click the element identified by ``locator``.</doc>
<msg timestamp="20231222 02:03:45.392" level="INFO">Clicking element 'xpath://option[@value='1']'.</msg>
<status status="PASS" starttime="20231222 02:03:45.391" endtime="20231222 02:03:45.431"/>
</kw>
<kw name="Click Element" library="SeleniumLibrary">
<arg>xpath://input[@type='submit']</arg>
<doc>Click the element identified by ``locator``.</doc>
<msg timestamp="20231222 02:03:45.432" level="INFO">Clicking element 'xpath://input[@type='submit']'.</msg>
<status status="PASS" starttime="20231222 02:03:45.431" endtime="20231222 02:03:45.482"/>
</kw>
<kw name="Page Should Contain Element" library="SeleniumLibrary">
<arg>xpath://body//h1[contains(@class, 'tulisan_admin')]</arg>
<doc>Verifies that element ``locator`` is found on the current page.</doc>
<msg timestamp="20231222 02:03:45.516" level="INFO">Current page contains element 'xpath://body//h1[contains(@class, 'tulisan_admin')]'.</msg>
<status status="PASS" starttime="20231222 02:03:45.482" endtime="20231222 02:03:45.516"/>
</kw>
<status status="PASS" starttime="20231222 02:03:42.921" endtime="20231222 02:03:45.516"/>
</kw>
<kw name="Close Browser" library="SeleniumLibrary">
<doc>Closes the current browser.</doc>
<status status="PASS" starttime="20231222 02:03:45.516" endtime="20231222 02:03:47.911"/>
</kw>
<status status="PASS" starttime="20231222 02:03:42.921" endtime="20231222 02:03:47.913"/>
</test>
<test id="s1-t2" name="testcase-2" line="30">
<kw name="Open Browser" library="SeleniumLibrary">
<arg>${HOST}</arg>
<arg>${BROWSER}</arg>
<doc>Opens a new browser instance to the optional ``url``.</doc>
<msg timestamp="20231222 02:03:47.919" level="INFO">Opening browser 'chrome' to base url 'http://localhost/DataKaryawan/'.</msg>
<status status="PASS" starttime="20231222 02:03:47.917" endtime="20231222 02:03:49.798"/>
</kw>
<kw name="Page Should Contain Element" library="SeleniumLibrary">
<arg>xpath://input[@name='username']</arg>
<doc>Verifies that element ``locator`` is found on the current page.</doc>
<msg timestamp="20231222 02:03:49.920" level="INFO">Current page contains element 'xpath://input[@name='username']'.</msg>
<status status="PASS" starttime="20231222 02:03:49.810" endtime="20231222 02:03:49.920"/>
</kw>
<kw name="Input Text" library="SeleniumLibrary">
<arg>name:username</arg>
<arg>${EMAIL}</arg>
<doc>Types the given ``text`` into the text field identified by ``locator``.</doc>
<msg timestamp="20231222 02:03:49.923" level="INFO">Typing text 'admin' into text field 'name:username'.</msg>
<status status="PASS" starttime="20231222 02:03:49.921" endtime="20231222 02:03:50.057"/>
</kw>
<kw name="Input Text" library="SeleniumLibrary">
<arg>name:password</arg>
<arg>${PASS-2}</arg>
<doc>Types the given ``text`` into the text field identified by ``locator``.</doc>
<msg timestamp="20231222 02:03:50.059" level="INFO">Typing text 'zzzzzz' into text field 'name:password'.</msg>
<status status="PASS" starttime="20231222 02:03:50.058" endtime="20231222 02:03:50.133"/>
</kw>
<kw name="Input Text" library="SeleniumLibrary">
<arg>name:nama</arg>
<arg>${EMAIL}</arg>
<doc>Types the given ``text`` into the text field identified by ``locator``.</doc>
<msg timestamp="20231222 02:03:50.136" level="INFO">Typing text 'admin' into text field 'name:nama'.</msg>
<status status="PASS" starttime="20231222 02:03:50.135" endtime="20231222 02:03:50.225"/>
</kw>
<kw name="Click Element" library="SeleniumLibrary">
<arg>xpath://option[@value='1']</arg>
<doc>Click the element identified by ``locator``.</doc>
<msg timestamp="20231222 02:03:50.226" level="INFO">Clicking element 'xpath://option[@value='1']'.</msg>
<status status="PASS" starttime="20231222 02:03:50.226" endtime="20231222 02:03:50.259"/>
</kw>
<kw name="Click Element" library="SeleniumLibrary">
<arg>xpath://select[@name='level']</arg>
<doc>Click the element identified by ``locator``.</doc>
<msg timestamp="20231222 02:03:50.260" level="INFO">Clicking element 'xpath://select[@name='level']'.</msg>
<status status="PASS" starttime="20231222 02:03:50.259" endtime="20231222 02:03:50.326"/>
</kw>
<kw name="Click Element" library="SeleniumLibrary">
<arg>xpath://input[@type='submit']</arg>
<doc>Click the element identified by ``locator``.</doc>
<msg timestamp="20231222 02:03:50.327" level="INFO">Clicking element 'xpath://input[@type='submit']'.</msg>
<status status="PASS" starttime="20231222 02:03:50.326" endtime="20231222 02:03:50.409"/>
</kw>
<kw name="Page Should Contain Element" library="SeleniumLibrary">
<arg>xpath://h1[contains(text(), 'Silahkan Login Terlebih Dahulu')]</arg>
<doc>Verifies that element ``locator`` is found on the current page.</doc>
<msg timestamp="20231222 02:03:50.449" level="INFO">Current page contains element 'xpath://h1[contains(text(), 'Silahkan Login Terlebih Dahulu')]'.</msg>
<status status="PASS" starttime="20231222 02:03:50.410" endtime="20231222 02:03:50.449"/>
</kw>
<kw name="Close Browser" library="SeleniumLibrary">
<doc>Closes the current browser.</doc>
<status status="PASS" starttime="20231222 02:03:50.449" endtime="20231222 02:03:52.772"/>
</kw>
<status status="PASS" starttime="20231222 02:03:47.916" endtime="20231222 02:03:52.774"/>
</test>
<test id="s1-t3" name="testcase-3" line="43">
<kw name="Login Success">
<kw name="Open Browser" library="SeleniumLibrary">
<arg>${HOST}</arg>
<arg>${BROWSER}</arg>
<doc>Opens a new browser instance to the optional ``url``.</doc>
<msg timestamp="20231222 02:03:52.781" level="INFO">Opening browser 'chrome' to base url 'http://localhost/DataKaryawan/'.</msg>
<status status="PASS" starttime="20231222 02:03:52.779" endtime="20231222 02:03:54.905"/>
</kw>
<kw name="Page Should Contain Element" library="SeleniumLibrary">
<arg>xpath://input[@name='username']</arg>
<doc>Verifies that element ``locator`` is found on the current page.</doc>
<msg timestamp="20231222 02:03:54.942" level="INFO">Current page contains element 'xpath://input[@name='username']'.</msg>
<status status="PASS" starttime="20231222 02:03:54.906" endtime="20231222 02:03:54.942"/>
</kw>
<kw name="Input Text" library="SeleniumLibrary">
<arg>name:username</arg>
<arg>${EMAIL}</arg>
<doc>Types the given ``text`` into the text field identified by ``locator``.</doc>
<msg timestamp="20231222 02:03:54.943" level="INFO">Typing text 'admin' into text field 'name:username'.</msg>
<status status="PASS" starttime="20231222 02:03:54.942" endtime="20231222 02:03:55.017"/>
</kw>
<kw name="Input Text" library="SeleniumLibrary">
<arg>name:password</arg>
<arg>${PASS-1}</arg>
<doc>Types the given ``text`` into the text field identified by ``locator``.</doc>
<msg timestamp="20231222 02:03:55.017" level="INFO">Typing text 'admin' into text field 'name:password'.</msg>
<status status="PASS" starttime="20231222 02:03:55.017" endtime="20231222 02:03:55.070"/>
</kw>
<kw name="Input Text" library="SeleniumLibrary">
<arg>name:nama</arg>
<arg>${EMAIL}</arg>
<doc>Types the given ``text`` into the text field identified by ``locator``.</doc>
<msg timestamp="20231222 02:03:55.071" level="INFO">Typing text 'admin' into text field 'name:nama'.</msg>
<status status="PASS" starttime="20231222 02:03:55.070" endtime="20231222 02:03:55.158"/>
</kw>
<kw name="Click Element" library="SeleniumLibrary">
<arg>xpath://select[@name='level']</arg>
<doc>Click the element identified by ``locator``.</doc>
<msg timestamp="20231222 02:03:55.158" level="INFO">Clicking element 'xpath://select[@name='level']'.</msg>
<status status="PASS" starttime="20231222 02:03:55.158" endtime="20231222 02:03:55.197"/>
</kw>
<kw name="Click Element" library="SeleniumLibrary">
<arg>xpath://option[@value='1']</arg>
<doc>Click the element identified by ``locator``.</doc>
<msg timestamp="20231222 02:03:55.198" level="INFO">Clicking element 'xpath://option[@value='1']'.</msg>
<status status="PASS" starttime="20231222 02:03:55.197" endtime="20231222 02:03:55.231"/>
</kw>
<kw name="Click Element" library="SeleniumLibrary">
<arg>xpath://input[@type='submit']</arg>
<doc>Click the element identified by ``locator``.</doc>
<msg timestamp="20231222 02:03:55.232" level="INFO">Clicking element 'xpath://input[@type='submit']'.</msg>
<status status="PASS" starttime="20231222 02:03:55.232" endtime="20231222 02:03:55.290"/>
</kw>
<kw name="Page Should Contain Element" library="SeleniumLibrary">
<arg>xpath://body//h1[contains(@class, 'tulisan_admin')]</arg>
<doc>Verifies that element ``locator`` is found on the current page.</doc>
<msg timestamp="20231222 02:03:55.337" level="INFO">Current page contains element 'xpath://body//h1[contains(@class, 'tulisan_admin')]'.</msg>
<status status="PASS" starttime="20231222 02:03:55.290" endtime="20231222 02:03:55.337"/>
</kw>
<status status="PASS" starttime="20231222 02:03:52.778" endtime="20231222 02:03:55.337"/>
</kw>
<kw name="Click Element" library="SeleniumLibrary">
<arg>xpath://div[@class='menu']//a[@class='menuNavbar' and @href='logout.php']</arg>
<doc>Click the element identified by ``locator``.</doc>
<msg timestamp="20231222 02:03:55.338" level="INFO">Clicking element 'xpath://div[@class='menu']//a[@class='menuNavbar' and @href='logout.php']'.</msg>
<status status="PASS" starttime="20231222 02:03:55.338" endtime="20231222 02:03:55.446"/>
</kw>
<kw name="Page Should Contain Element" library="SeleniumLibrary">
<arg>xpath://h1[contains(text(), 'Silahkan Login Terlebih Dahulu')]</arg>
<doc>Verifies that element ``locator`` is found on the current page.</doc>
<msg timestamp="20231222 02:03:55.462" level="INFO">Current page contains element 'xpath://h1[contains(text(), 'Silahkan Login Terlebih Dahulu')]'.</msg>
<status status="PASS" starttime="20231222 02:03:55.447" endtime="20231222 02:03:55.462"/>
</kw>
<kw name="Close Browser" library="SeleniumLibrary">
<doc>Closes the current browser.</doc>
<status status="PASS" starttime="20231222 02:03:55.463" endtime="20231222 02:03:57.804"/>
</kw>
<status status="PASS" starttime="20231222 02:03:52.777" endtime="20231222 02:03:57.806"/>
</test>
<test id="s1-t4" name="testcase-4" line="50">
<kw name="Login Success">
<kw name="Open Browser" library="SeleniumLibrary">
<arg>${HOST}</arg>
<arg>${BROWSER}</arg>
<doc>Opens a new browser instance to the optional ``url``.</doc>
<msg timestamp="20231222 02:03:57.813" level="INFO">Opening browser 'chrome' to base url 'http://localhost/DataKaryawan/'.</msg>
<status status="PASS" starttime="20231222 02:03:57.811" endtime="20231222 02:04:00.027"/>
</kw>
<kw name="Page Should Contain Element" library="SeleniumLibrary">
<arg>xpath://input[@name='username']</arg>
<doc>Verifies that element ``locator`` is found on the current page.</doc>
<msg timestamp="20231222 02:04:00.146" level="INFO">Current page contains element 'xpath://input[@name='username']'.</msg>
<status status="PASS" starttime="20231222 02:04:00.027" endtime="20231222 02:04:00.146"/>
</kw>
<kw name="Input Text" library="SeleniumLibrary">
<arg>name:username</arg>
<arg>${EMAIL}</arg>
<doc>Types the given ``text`` into the text field identified by ``locator``.</doc>
<msg timestamp="20231222 02:04:00.147" level="INFO">Typing text 'admin' into text field 'name:username'.</msg>
<status status="PASS" starttime="20231222 02:04:00.146" endtime="20231222 02:04:00.231"/>
</kw>
<kw name="Input Text" library="SeleniumLibrary">
<arg>name:password</arg>
<arg>${PASS-1}</arg>
<doc>Types the given ``text`` into the text field identified by ``locator``.</doc>
<msg timestamp="20231222 02:04:00.232" level="INFO">Typing text 'admin' into text field 'name:password'.</msg>
<status status="PASS" starttime="20231222 02:04:00.231" endtime="20231222 02:04:00.280"/>
</kw>
<kw name="Input Text" library="SeleniumLibrary">
<arg>name:nama</arg>
<arg>${EMAIL}</arg>
<doc>Types the given ``text`` into the text field identified by ``locator``.</doc>
<msg timestamp="20231222 02:04:00.280" level="INFO">Typing text 'admin' into text field 'name:nama'.</msg>
<status status="PASS" starttime="20231222 02:04:00.280" endtime="20231222 02:04:00.360"/>
</kw>
<kw name="Click Element" library="SeleniumLibrary">
<arg>xpath://select[@name='level']</arg>
<doc>Click the element identified by ``locator``.</doc>
<msg timestamp="20231222 02:04:00.361" level="INFO">Clicking element 'xpath://select[@name='level']'.</msg>
<status status="PASS" starttime="20231222 02:04:00.360" endtime="20231222 02:04:00.406"/>
</kw>
<kw name="Click Element" library="SeleniumLibrary">
<arg>xpath://option[@value='1']</arg>
<doc>Click the element identified by ``locator``.</doc>
<msg timestamp="20231222 02:04:00.407" level="INFO">Clicking element 'xpath://option[@value='1']'.</msg>
<status status="PASS" starttime="20231222 02:04:00.406" endtime="20231222 02:04:00.438"/>
</kw>
<kw name="Click Element" library="SeleniumLibrary">
<arg>xpath://input[@type='submit']</arg>
<doc>Click the element identified by ``locator``.</doc>
<msg timestamp="20231222 02:04:00.438" level="INFO">Clicking element 'xpath://input[@type='submit']'.</msg>
<status status="PASS" starttime="20231222 02:04:00.438" endtime="20231222 02:04:00.489"/>
</kw>
<kw name="Page Should Contain Element" library="SeleniumLibrary">
<arg>xpath://body//h1[contains(@class, 'tulisan_admin')]</arg>
<doc>Verifies that element ``locator`` is found on the current page.</doc>
<msg timestamp="20231222 02:04:00.516" level="INFO">Current page contains element 'xpath://body//h1[contains(@class, 'tulisan_admin')]'.</msg>
<status status="PASS" starttime="20231222 02:04:00.490" endtime="20231222 02:04:00.516"/>
</kw>
<status status="PASS" starttime="20231222 02:03:57.811" endtime="20231222 02:04:00.516"/>
</kw>
<kw name="Click Element" library="SeleniumLibrary">
<arg>xpath://a[@id='inputUser' and contains(@class, 'menuNavbar') and @href='inputuser.php']</arg>
<doc>Click the element identified by ``locator``.</doc>
<msg timestamp="20231222 02:04:00.517" level="INFO">Clicking element 'xpath://a[@id='inputUser' and contains(@class, 'menuNavbar') and @href='inputuser.php']'.</msg>
<status status="PASS" starttime="20231222 02:04:00.517" endtime="20231222 02:04:00.616"/>
</kw>
<kw name="Page Should Contain Element" library="SeleniumLibrary">
<arg>xpath://h1[contains(text(), 'Input Data User')]</arg>
<doc>Verifies that element ``locator`` is found on the current page.</doc>
<msg timestamp="20231222 02:04:00.637" level="INFO">Current page contains element 'xpath://h1[contains(text(), 'Input Data User')]'.</msg>
<status status="PASS" starttime="20231222 02:04:00.617" endtime="20231222 02:04:00.637"/>
</kw>
<kw name="Input Text" library="SeleniumLibrary">
<arg>name:username</arg>
<arg>${KARYAWAN}</arg>
<doc>Types the given ``text`` into the text field identified by ``locator``.</doc>
<msg timestamp="20231222 02:04:00.638" level="INFO">Typing text 'Rizky Maolana Firdaus' into text field 'name:username'.</msg>
<status status="PASS" starttime="20231222 02:04:00.637" endtime="20231222 02:04:00.739"/>
</kw>
<kw name="Input Text" library="SeleniumLibrary">
<arg>name:password</arg>
<arg>${PASS-3}</arg>
<doc>Types the given ``text`` into the text field identified by ``locator``.</doc>
<msg timestamp="20231222 02:04:00.741" level="INFO">Typing text 'rizky' into text field 'name:password'.</msg>
<status status="PASS" starttime="20231222 02:04:00.740" endtime="20231222 02:04:00.805"/>
</kw>
<kw name="Input Text" library="SeleniumLibrary">
<arg>name:nama</arg>
<arg>${KARYAWAN}</arg>
<doc>Types the given ``text`` into the text field identified by ``locator``.</doc>
<msg timestamp="20231222 02:04:00.805" level="INFO">Typing text 'Rizky Maolana Firdaus' into text field 'name:nama'.</msg>
<status status="PASS" starttime="20231222 02:04:00.805" endtime="20231222 02:04:00.905"/>
</kw>
<kw name="Click Element" library="SeleniumLibrary">
<arg>xpath://select[@name='level']</arg>
<doc>Click the element identified by ``locator``.</doc>
<msg timestamp="20231222 02:04:00.906" level="INFO">Clicking element 'xpath://select[@name='level']'.</msg>
<status status="PASS" starttime="20231222 02:04:00.905" endtime="20231222 02:04:00.952"/>
</kw>
<kw name="Click Element" library="SeleniumLibrary">
<arg>xpath://option[@value='user']</arg>
<doc>Click the element identified by ``locator``.</doc>
<msg timestamp="20231222 02:04:00.954" level="INFO">Clicking element 'xpath://option[@value='user']'.</msg>
<status status="PASS" starttime="20231222 02:04:00.953" endtime="20231222 02:04:01.021"/>
</kw>
<kw name="Click Element" library="SeleniumLibrary">
<arg>xpath://input[@type='submit']</arg>
<doc>Click the element identified by ``locator``.</doc>
<msg timestamp="20231222 02:04:01.022" level="INFO">Clicking element 'xpath://input[@type='submit']'.</msg>
<status status="PASS" starttime="20231222 02:04:01.022" endtime="20231222 02:04:01.428"/>
</kw>
<kw name="Close Browser" library="SeleniumLibrary">
<doc>Closes the current browser.</doc>
<status status="PASS" starttime="20231222 02:04:01.429" endtime="20231222 02:04:03.789"/>
</kw>
<status status="PASS" starttime="20231222 02:03:57.809" endtime="20231222 02:04:03.791"/>
</test>
<test id="s1-t5" name="testcase-5" line="63">
<kw name="Login Success">
<kw name="Open Browser" library="SeleniumLibrary">
<arg>${HOST}</arg>
<arg>${BROWSER}</arg>
<doc>Opens a new browser instance to the optional ``url``.</doc>
<msg timestamp="20231222 02:04:03.798" level="INFO">Opening browser 'chrome' to base url 'http://localhost/DataKaryawan/'.</msg>
<status status="PASS" starttime="20231222 02:04:03.796" endtime="20231222 02:04:06.039"/>
</kw>
<kw name="Page Should Contain Element" library="SeleniumLibrary">
<arg>xpath://input[@name='username']</arg>
<doc>Verifies that element ``locator`` is found on the current page.</doc>
<msg timestamp="20231222 02:04:06.053" level="INFO">Current page contains element 'xpath://input[@name='username']'.</msg>
<status status="PASS" starttime="20231222 02:04:06.039" endtime="20231222 02:04:06.053"/>
</kw>
<kw name="Input Text" library="SeleniumLibrary">
<arg>name:username</arg>
<arg>${EMAIL}</arg>
<doc>Types the given ``text`` into the text field identified by ``locator``.</doc>
<msg timestamp="20231222 02:04:06.054" level="INFO">Typing text 'admin' into text field 'name:username'.</msg>
<status status="PASS" starttime="20231222 02:04:06.053" endtime="20231222 02:04:06.119"/>
</kw>
<kw name="Input Text" library="SeleniumLibrary">
<arg>name:password</arg>
<arg>${PASS-1}</arg>
<doc>Types the given ``text`` into the text field identified by ``locator``.</doc>
<msg timestamp="20231222 02:04:06.120" level="INFO">Typing text 'admin' into text field 'name:password'.</msg>
<status status="PASS" starttime="20231222 02:04:06.119" endtime="20231222 02:04:06.165"/>
</kw>
<kw name="Input Text" library="SeleniumLibrary">
<arg>name:nama</arg>
<arg>${EMAIL}</arg>
<doc>Types the given ``text`` into the text field identified by ``locator``.</doc>
<msg timestamp="20231222 02:04:06.165" level="INFO">Typing text 'admin' into text field 'name:nama'.</msg>
<status status="PASS" starttime="20231222 02:04:06.165" endtime="20231222 02:04:06.250"/>
</kw>
<kw name="Click Element" library="SeleniumLibrary">
<arg>xpath://select[@name='level']</arg>
<doc>Click the element identified by ``locator``.</doc>
<msg timestamp="20231222 02:04:06.250" level="INFO">Clicking element 'xpath://select[@name='level']'.</msg>
<status status="PASS" starttime="20231222 02:04:06.250" endtime="20231222 02:04:06.296"/>
</kw>
<kw name="Click Element" library="SeleniumLibrary">
<arg>xpath://option[@value='1']</arg>
<doc>Click the element identified by ``locator``.</doc>
<msg timestamp="20231222 02:04:06.297" level="INFO">Clicking element 'xpath://option[@value='1']'.</msg>
<status status="PASS" starttime="20231222 02:04:06.296" endtime="20231222 02:04:06.334"/>
</kw>
<kw name="Click Element" library="SeleniumLibrary">
<arg>xpath://input[@type='submit']</arg>
<doc>Click the element identified by ``locator``.</doc>
<msg timestamp="20231222 02:04:06.334" level="INFO">Clicking element 'xpath://input[@type='submit']'.</msg>
<status status="PASS" starttime="20231222 02:04:06.334" endtime="20231222 02:04:06.410"/>
</kw>
<kw name="Page Should Contain Element" library="SeleniumLibrary">
<arg>xpath://body//h1[contains(@class, 'tulisan_admin')]</arg>
<doc>Verifies that element ``locator`` is found on the current page.</doc>
<msg timestamp="20231222 02:04:06.434" level="INFO">Current page contains element 'xpath://body//h1[contains(@class, 'tulisan_admin')]'.</msg>
<status status="PASS" starttime="20231222 02:04:06.410" endtime="20231222 02:04:06.434"/>
</kw>
<status status="PASS" starttime="20231222 02:04:03.795" endtime="20231222 02:04:06.434"/>
</kw>
<kw name="Click Element" library="SeleniumLibrary">
<arg>xpath://a[contains(@class, 'menuNavbar') and @href='viewAllUser.php']</arg>
<doc>Click the element identified by ``locator``.</doc>
<msg timestamp="20231222 02:04:06.435" level="INFO">Clicking element 'xpath://a[contains(@class, 'menuNavbar') and @href='viewAllUser.php']'.</msg>
<status status="PASS" starttime="20231222 02:04:06.435" endtime="20231222 02:04:06.762"/>
</kw>
<kw name="Click Element" library="SeleniumLibrary">
<arg>xpath://a[@href='deleteuser.php?id=17']</arg>
<doc>Click the element identified by ``locator``.</doc>
<msg timestamp="20231222 02:04:06.763" level="INFO">Clicking element 'xpath://a[@href='deleteuser.php?id=17']'.</msg>
<status status="PASS" starttime="20231222 02:04:06.762" endtime="20231222 02:04:06.903"/>
</kw>
<kw name="Close Browser" library="SeleniumLibrary">
<doc>Closes the current browser.</doc>
<status status="PASS" starttime="20231222 02:04:06.904" endtime="20231222 02:04:09.260"/>
</kw>
<status status="PASS" starttime="20231222 02:04:03.794" endtime="20231222 02:04:09.262"/>
</test>
<test id="s1-t6" name="testcase-6" line="69">
<kw name="Login Success">
<kw name="Open Browser" library="SeleniumLibrary">
<arg>${HOST}</arg>
<arg>${BROWSER}</arg>
<doc>Opens a new browser instance to the optional ``url``.</doc>
<msg timestamp="20231222 02:04:09.269" level="INFO">Opening browser 'chrome' to base url 'http://localhost/DataKaryawan/'.</msg>
<status status="PASS" starttime="20231222 02:04:09.267" endtime="20231222 02:04:11.455"/>
</kw>
<kw name="Page Should Contain Element" library="SeleniumLibrary">
<arg>xpath://input[@name='username']</arg>
<doc>Verifies that element ``locator`` is found on the current page.</doc>
<msg timestamp="20231222 02:04:11.477" level="INFO">Current page contains element 'xpath://input[@name='username']'.</msg>
<status status="PASS" starttime="20231222 02:04:11.456" endtime="20231222 02:04:11.477"/>
</kw>
<kw name="Input Text" library="SeleniumLibrary">
<arg>name:username</arg>
<arg>${EMAIL}</arg>
<doc>Types the given ``text`` into the text field identified by ``locator``.</doc>
<msg timestamp="20231222 02:04:11.478" level="INFO">Typing text 'admin' into text field 'name:username'.</msg>
<status status="PASS" starttime="20231222 02:04:11.477" endtime="20231222 02:04:11.548"/>
</kw>
<kw name="Input Text" library="SeleniumLibrary">
<arg>name:password</arg>
<arg>${PASS-1}</arg>
<doc>Types the given ``text`` into the text field identified by ``locator``.</doc>
<msg timestamp="20231222 02:04:11.548" level="INFO">Typing text 'admin' into text field 'name:password'.</msg>
<status status="PASS" starttime="20231222 02:04:11.548" endtime="20231222 02:04:11.595"/>
</kw>
<kw name="Input Text" library="SeleniumLibrary">
<arg>name:nama</arg>
<arg>${EMAIL}</arg>
<doc>Types the given ``text`` into the text field identified by ``locator``.</doc>
<msg timestamp="20231222 02:04:11.596" level="INFO">Typing text 'admin' into text field 'name:nama'.</msg>
<status status="PASS" starttime="20231222 02:04:11.595" endtime="20231222 02:04:11.674"/>
</kw>
<kw name="Click Element" library="SeleniumLibrary">
<arg>xpath://select[@name='level']</arg>
<doc>Click the element identified by ``locator``.</doc>
<msg timestamp="20231222 02:04:11.675" level="INFO">Clicking element 'xpath://select[@name='level']'.</msg>
<status status="PASS" starttime="20231222 02:04:11.674" endtime="20231222 02:04:11.726"/>
</kw>
<kw name="Click Element" library="SeleniumLibrary">
<arg>xpath://option[@value='1']</arg>
<doc>Click the element identified by ``locator``.</doc>
<msg timestamp="20231222 02:04:11.727" level="INFO">Clicking element 'xpath://option[@value='1']'.</msg>
<status status="PASS" starttime="20231222 02:04:11.726" endtime="20231222 02:04:11.760"/>
</kw>
<kw name="Click Element" library="SeleniumLibrary">
<arg>xpath://input[@type='submit']</arg>
<doc>Click the element identified by ``locator``.</doc>
<msg timestamp="20231222 02:04:11.760" level="INFO">Clicking element 'xpath://input[@type='submit']'.</msg>
<status status="PASS" starttime="20231222 02:04:11.760" endtime="20231222 02:04:11.816"/>
</kw>
<kw name="Page Should Contain Element" library="SeleniumLibrary">
<arg>xpath://body//h1[contains(@class, 'tulisan_admin')]</arg>
<doc>Verifies that element ``locator`` is found on the current page.</doc>
<msg timestamp="20231222 02:04:11.849" level="INFO">Current page contains element 'xpath://body//h1[contains(@class, 'tulisan_admin')]'.</msg>
<status status="PASS" starttime="20231222 02:04:11.816" endtime="20231222 02:04:11.849"/>
</kw>
<status status="PASS" starttime="20231222 02:04:09.266" endtime="20231222 02:04:11.849"/>
</kw>
<kw name="Click Element" library="SeleniumLibrary">
<arg>xpath://a[contains(@class, 'menuNavbar') and @href='viewAllPegawai.php']</arg>
<doc>Click the element identified by ``locator``.</doc>
<msg timestamp="20231222 02:04:11.851" level="INFO">Clicking element 'xpath://a[contains(@class, 'menuNavbar') and @href='viewAllPegawai.php']'.</msg>
<status status="PASS" starttime="20231222 02:04:11.850" endtime="20231222 02:04:12.178"/>
</kw>
<kw name="Scroll Down Until End">
<kw name="Execute Javascript" library="SeleniumLibrary">
<var>${previous_height}</var>
<arg>return document.body.scrollHeight;</arg>
<doc>Executes the given JavaScript code with possible arguments.</doc>
<msg timestamp="20231222 02:04:12.183" level="INFO">Executing JavaScript:
return document.body.scrollHeight;
Without any arguments.</msg>
<msg timestamp="20231222 02:04:12.192" level="INFO">${previous_height} = 278</msg>
<status status="PASS" starttime="20231222 02:04:12.182" endtime="20231222 02:04:12.192"/>
</kw>
<for flavor="IN RANGE">
<var>${i}</var>
<value>10</value>
<iter>
<var name="${i}">0</var>
<kw name="Execute Javascript" library="SeleniumLibrary">
<arg>window.scrollTo(0, document.body.scrollHeight);</arg>
<doc>Executes the given JavaScript code with possible arguments.</doc>
<msg timestamp="20231222 02:04:12.193" level="INFO">Executing JavaScript:
window.scrollTo(0, document.body.scrollHeight);
Without any arguments.</msg>
<status status="PASS" starttime="20231222 02:04:12.192" endtime="20231222 02:04:12.205"/>
</kw>
<kw name="Sleep" library="BuiltIn">
<arg>1s</arg>
<doc>Pauses the test executed for the given time.</doc>
<msg timestamp="20231222 02:04:13.206" level="INFO">Slept 1 second</msg>
<status status="PASS" starttime="20231222 02:04:12.205" endtime="20231222 02:04:13.206"/>
</kw>
<kw name="Execute Javascript" library="SeleniumLibrary">
<var>${current_height}</var>
<arg>return document.body.scrollHeight;</arg>
<doc>Executes the given JavaScript code with possible arguments.</doc>
<msg timestamp="20231222 02:04:13.208" level="INFO">Executing JavaScript:
return document.body.scrollHeight;
Without any arguments.</msg>
<msg timestamp="20231222 02:04:13.223" level="INFO">${current_height} = 278</msg>
<status status="PASS" starttime="20231222 02:04:13.206" endtime="20231222 02:04:13.224"/>
</kw>
<kw name="Exit For Loop If" library="BuiltIn">
<arg>'${current_height}' == '${previous_height}'</arg>
<doc>Stops executing the enclosing FOR loop if the ``condition`` is true.</doc>
<msg timestamp="20231222 02:04:13.225" level="INFO">Exiting for loop altogether.</msg>
<status status="PASS" starttime="20231222 02:04:13.224" endtime="20231222 02:04:13.225"/>
</kw>
<kw name="Set Variable" library="BuiltIn">
<var>${previous_height}</var>
<arg>${current_height}</arg>
<doc>Returns the given values which can then be assigned to a variables.</doc>
<status status="NOT RUN" starttime="20231222 02:04:13.225" endtime="20231222 02:04:13.225"/>
</kw>
<kw name="Sleep" library="BuiltIn">
<arg>2s</arg>
<doc>Pauses the test executed for the given time.</doc>
<status status="NOT RUN" starttime="20231222 02:04:13.226" endtime="20231222 02:04:13.226"/>
</kw>
<status status="PASS" starttime="20231222 02:04:12.192" endtime="20231222 02:04:13.226"/>
</iter>
<status status="PASS" starttime="20231222 02:04:12.192" endtime="20231222 02:04:13.226"/>
</for>
<status status="PASS" starttime="20231222 02:04:12.180" endtime="20231222 02:04:13.226"/>
</kw>
<kw name="Close Browser" library="SeleniumLibrary">
<doc>Closes the current browser.</doc>
<status status="PASS" starttime="20231222 02:04:13.227" endtime="20231222 02:04:15.577"/>
</kw>
<status status="PASS" starttime="20231222 02:04:09.265" endtime="20231222 02:04:15.579"/>
</test>
<status status="PASS" starttime="20231222 02:03:42.664" endtime="20231222 02:04:15.582"/>
</suite>
<statistics>
<total>
<stat pass="6" fail="0" skip="0">All Tests</stat>
</total>
<tag>
</tag>
<suite>
<stat pass="6" fail="0" skip="0" id="s1" name="Test-Suite-1">Test-Suite-1</stat>
</suite>
</statistics>
<errors>
</errors>
</robot>
